d:\basic\desktop\windowsprogramminghw\rms\rmsdll\debug\vc120.pdb
d:\basic\desktop\windowsprogramminghw\rms\rmsdll\debug\vc120.idb
d:\basic\desktop\windowsprogramminghw\rms\rmsdll\debug\ado.obj
d:\basic\desktop\windowsprogramminghw\rms\rmsdll\debug\employee.obj
d:\basic\desktop\windowsprogramminghw\rms\rmsdll\debug\employeeaction.obj
d:\basic\desktop\windowsprogramminghw\rms\rmsdll\debug\lib.obj
d:\basic\desktop\windowsprogramminghw\rms\rmsdll\debug\menu.obj
d:\basic\desktop\windowsprogramminghw\rms\rmsdll\debug\menuaction.obj
d:\basic\desktop\windowsprogramminghw\rms\debug\rmsdll.ilk
d:\basic\desktop\windowsprogramminghw\rms\debug\rmsdll.dll
d:\basic\desktop\windowsprogramminghw\rms\debug\rmsdll.pdb
d:\basic\desktop\windowsprogramminghw\rms\debug\rmsdll.lib
d:\basic\desktop\windowsprogramminghw\rms\debug\rmsdll.exp
d:\basic\desktop\windowsprogramminghw\rms\rmsdll\debug\msado15.tli
d:\basic\desktop\windowsprogramminghw\rms\rmsdll\debug\msado15.tlh
d:\basic\desktop\windowsprogramminghw\rms\rmsdll\debug\rmsdll.tlog\cl.command.1.tlog
d:\basic\desktop\windowsprogramminghw\rms\rmsdll\debug\rmsdll.tlog\cl.read.1.tlog
d:\basic\desktop\windowsprogramminghw\rms\rmsdll\debug\rmsdll.tlog\cl.write.1.tlog
d:\basic\desktop\windowsprogramminghw\rms\rmsdll\debug\rmsdll.tlog\link.command.1.tlog
d:\basic\desktop\windowsprogramminghw\rms\rmsdll\debug\rmsdll.tlog\link.read.1.tlog
d:\basic\desktop\windowsprogramminghw\rms\rmsdll\debug\rmsdll.tlog\link.write.1.tlog
d:\basic\desktop\windowsprogramminghw\rms\rmsdll\debug\rmsdll.tlog\rmsdll.write.1u.tlog
